ðŸš€ Starting Ultimate Company Spring API Development Setup...
[0;34m[INFO][0m Checking MySQL server status...
[0;32m[SUCCESS][0m MySQL server is already running
[0;34m[INFO][0m Testing MySQL connection...
[0;32m[SUCCESS][0m MySQL connection successful
[0;34m[INFO][0m Building Spring Boot project...
[INFO] Scanning for projects...
[INFO] 
[INFO] -----------------------< com.example:SpringApi >------------------------
[INFO] Building SpringApi 0.0.1-SNAPSHOT
[INFO]   from pom.xml
[INFO] --------------------------------[ jar ]---------------------------------
[WARNING] The artifact org.hibernate:hibernate-core:jar:6.4.2.Final has been relocated to org.hibernate.orm:hibernate-core:jar:6.4.2.Final
[INFO] 
[INFO] --- clean:3.3.2:clean (default-clean) @ SpringApi ---
[INFO] Deleting /Users/nahushraichura/Documents/Ultimate Company Repositories/Spring-Api/SpringApi/target
[INFO] 
[INFO] --- resources:3.3.1:resources (default-resources) @ SpringApi ---
[INFO] Copying 5 resources from src/main/resources to target/classes
[INFO] Copying 2 resources from src/main/resources to target/classes
[INFO] 
[INFO] --- compiler:3.8.1:compile (default-compile) @ SpringApi ---
[INFO] Changes detected - recompiling the module!
[INFO] Compiling 195 source files to /Users/nahushraichura/Documents/Ultimate Company Repositories/Spring-Api/SpringApi/target/classes
[INFO] /Users/nahushraichura/Documents/Ultimate Company Repositories/Spring-Api/SpringApi/src/main/java/com/example/SpringApi/Helpers/FirebaseHelper.java: Some input files use or override a deprecated API.
[INFO] /Users/nahushraichura/Documents/Ultimate Company Repositories/Spring-Api/SpringApi/src/main/java/com/example/SpringApi/Helpers/FirebaseHelper.java: Recompile with -Xlint:deprecation for details.
[INFO] /Users/nahushraichura/Documents/Ultimate Company Repositories/Spring-Api/SpringApi/src/main/java/com/example/SpringApi/Authentication/JwtTokenProvider.java: /Users/nahushraichura/Documents/Ultimate Company Repositories/Spring-Api/SpringApi/src/main/java/com/example/SpringApi/Authentication/JwtTokenProvider.java uses unchecked or unsafe operations.
[INFO] /Users/nahushraichura/Documents/Ultimate Company Repositories/Spring-Api/SpringApi/src/main/java/com/example/SpringApi/Authentication/JwtTokenProvider.java: Recompile with -Xlint:unchecked for details.
[INFO] 
[INFO] --- resources:3.3.1:testResources (default-testResources) @ SpringApi ---
[INFO] skip non existing resourceDirectory /Users/nahushraichura/Documents/Ultimate Company Repositories/Spring-Api/SpringApi/src/test/resources
[INFO] 
[INFO] --- compiler:3.8.1:testCompile (default-testCompile) @ SpringApi ---
[INFO] Changes detected - recompiling the module!
[INFO] Compiling 15 source files to /Users/nahushraichura/Documents/Ultimate Company Repositories/Spring-Api/SpringApi/target/test-classes
[INFO] 
[INFO] --- surefire:3.1.2:test (default-test) @ SpringApi ---
[INFO] Tests are skipped.
[INFO] 
[INFO] --- jar:3.3.0:jar (default-jar) @ SpringApi ---
[INFO] Building jar: /Users/nahushraichura/Documents/Ultimate Company Repositories/Spring-Api/SpringApi/target/SpringApi-0.0.1-SNAPSHOT.jar
[INFO] 
[INFO] --- spring-boot:3.2.2:repackage (repackage) @ SpringApi ---
[INFO] Replacing main artifact /Users/nahushraichura/Documents/Ultimate Company Repositories/Spring-Api/SpringApi/target/SpringApi-0.0.1-SNAPSHOT.jar with repackaged archive, adding nested dependencies in BOOT-INF/.
[INFO] The original artifact has been renamed to /Users/nahushraichura/Documents/Ultimate Company Repositories/Spring-Api/SpringApi/target/SpringApi-0.0.1-SNAPSHOT.jar.original
[INFO] ------------------------------------------------------------------------
[INFO] BUILD SUCCESS
[INFO] ------------------------------------------------------------------------
[INFO] Total time:  17.452 s
[INFO] Finished at: 2025-11-20T16:18:58-05:00
[INFO] ------------------------------------------------------------------------
[0;32m[SUCCESS][0m Project built successfully
[0;34m[INFO][0m Running tests...
[INFO] Scanning for projects...
[INFO] 
[INFO] -----------------------< com.example:SpringApi >------------------------
[INFO] Building SpringApi 0.0.1-SNAPSHOT
[INFO]   from pom.xml
[INFO] --------------------------------[ jar ]---------------------------------
[WARNING] The artifact org.hibernate:hibernate-core:jar:6.4.2.Final has been relocated to org.hibernate.orm:hibernate-core:jar:6.4.2.Final
[INFO] 
[INFO] --- resources:3.3.1:resources (default-resources) @ SpringApi ---
[INFO] Copying 5 resources from src/main/resources to target/classes
[INFO] Copying 2 resources from src/main/resources to target/classes
[INFO] 
[INFO] --- compiler:3.8.1:compile (default-compile) @ SpringApi ---
[INFO] Nothing to compile - all classes are up to date
[INFO] 
[INFO] --- resources:3.3.1:testResources (default-testResources) @ SpringApi ---
[INFO] skip non existing resourceDirectory /Users/nahushraichura/Documents/Ultimate Company Repositories/Spring-Api/SpringApi/src/test/resources
[INFO] 
[INFO] --- compiler:3.8.1:testCompile (default-testCompile) @ SpringApi ---
[INFO] Nothing to compile - all classes are up to date
[INFO] 
[INFO] --- surefire:3.1.2:test (default-test) @ SpringApi ---
[INFO] Using auto detected provider org.apache.maven.surefire.junitplatform.JUnitPlatformProvider
[INFO] 
[INFO] -------------------------------------------------------
[INFO]  T E S T S
[INFO] -------------------------------------------------------
[INFO] Running com.example.SpringApi.Services.Tests.MessageServiceTest
WARNING: A Java agent has been loaded dynamically (/Users/nahushraichura/.m2/repository/net/bytebuddy/byte-buddy-agent/1.14.11/byte-buddy-agent-1.14.11.jar)
WARNING: If a serviceability tool is in use, please run with -XX:+EnableDynamicAgentLoading to hide this warning
WARNING: If a serviceability tool is not in use, please run with -Djdk.instrument.traceUsage for more information
WARNING: Dynamic loading of agents will be disallowed by default in a future release
OpenJDK 64-Bit Server VM warning: Sharing is only supported for boot loader classes because bootstrap classpath has been appended
[INFO] Tests run: 24, Failures: 0, Errors: 0, Skipped: 0, Time elapsed: 4.464 s -- in com.example.SpringApi.Services.Tests.MessageServiceTest
[INFO] Running com.example.SpringApi.Services.Tests.LeadServiceTest
[INFO] Tests run: 37, Failures: 0, Errors: 0, Skipped: 0, Time elapsed: 0.669 s -- in com.example.SpringApi.Services.Tests.LeadServiceTest
[INFO] Running com.example.SpringApi.Services.Tests.PromoServiceTest
[INFO] Tests run: 26, Failures: 0, Errors: 0, Skipped: 0, Time elapsed: 0.262 s -- in com.example.SpringApi.Services.Tests.PromoServiceTest
[INFO] Running com.example.SpringApi.Services.Tests.PurchaseOrderServiceTest
[INFO] Tests run: 29, Failures: 0, Errors: 0, Skipped: 0, Time elapsed: 0.530 s -- in com.example.SpringApi.Services.Tests.PurchaseOrderServiceTest
[INFO] Running com.example.SpringApi.Services.Tests.UserServiceTest
[INFO] Tests run: 31, Failures: 0, Errors: 0, Skipped: 0, Time elapsed: 1.176 s -- in com.example.SpringApi.Services.Tests.UserServiceTest
[INFO] Running com.example.SpringApi.Services.Tests.ProductServiceTest
[INFO] Tests run: 41, Failures: 0, Errors: 0, Skipped: 0, Time elapsed: 0.911 s -- in com.example.SpringApi.Services.Tests.ProductServiceTest
[INFO] Running com.example.SpringApi.Services.Tests.UserGroupServiceTest
[INFO] Tests run: 22, Failures: 0, Errors: 0, Skipped: 0, Time elapsed: 0.169 s -- in com.example.SpringApi.Services.Tests.UserGroupServiceTest
[INFO] Running com.example.SpringApi.Services.Tests.PickupLocationServiceTest
[INFO] Tests run: 16, Failures: 0, Errors: 0, Skipped: 0, Time elapsed: 0.137 s -- in com.example.SpringApi.Services.Tests.PickupLocationServiceTest
[INFO] Running com.example.SpringApi.Services.Tests.ProductReviewServiceTest
[INFO] Tests run: 20, Failures: 0, Errors: 0, Skipped: 0, Time elapsed: 0.077 s -- in com.example.SpringApi.Services.Tests.ProductReviewServiceTest
[INFO] Running com.example.SpringApi.Services.Tests.AddressServiceTest
[INFO] Tests run: 12, Failures: 0, Errors: 0, Skipped: 0, Time elapsed: 0.058 s -- in com.example.SpringApi.Services.Tests.AddressServiceTest
[INFO] Running com.example.SpringApi.Services.Tests.LoginServiceTest
[INFO] Tests run: 21, Failures: 0, Errors: 0, Skipped: 0, Time elapsed: 0.149 s -- in com.example.SpringApi.Services.Tests.LoginServiceTest
[INFO] Running com.example.SpringApi.Services.Tests.TodoServiceTest
[INFO] Tests run: 34, Failures: 0, Errors: 0, Skipped: 0, Time elapsed: 0.139 s -- in com.example.SpringApi.Services.Tests.TodoServiceTest
[INFO] Running com.example.SpringApi.Services.Tests.UserLogServiceTest
[INFO] Tests run: 9, Failures: 0, Errors: 0, Skipped: 0, Time elapsed: 0.168 s -- in com.example.SpringApi.Services.Tests.UserLogServiceTest
[INFO] Running com.example.SpringApi.Services.Tests.ClientServiceTest
[INFO] Tests run: 12, Failures: 0, Errors: 0, Skipped: 0, Time elapsed: 0.032 s -- in com.example.SpringApi.Services.Tests.ClientServiceTest
[INFO] Running com.example.SpringApi.Services.Tests.PackageServiceTest
[INFO] Tests run: 27, Failures: 0, Errors: 0, Skipped: 0, Time elapsed: 0.165 s -- in com.example.SpringApi.Services.Tests.PackageServiceTest
[INFO] 
[INFO] Results:
[INFO] 
[INFO] Tests run: 361, Failures: 0, Errors: 0, Skipped: 0
[INFO] 
[INFO] ------------------------------------------------------------------------
[INFO] BUILD SUCCESS
[INFO] ------------------------------------------------------------------------
[INFO] Total time:  14.664 s
[INFO] Finished at: 2025-11-20T16:19:15-05:00
[INFO] ------------------------------------------------------------------------
[0;32m[SUCCESS][0m All tests passed
[0;34m[INFO][0m Starting Spring Boot application in DEBUG mode.
[0;34m[INFO][0m The application will WAIT for the debugger to attach on port 4433.
[0;34m[INFO][0m The API will serve traffic on port 4432.
[INFO] Scanning for projects...
[INFO] 
[INFO] -----------------------< com.example:SpringApi >------------------------
[INFO] Building SpringApi 0.0.1-SNAPSHOT
[INFO]   from pom.xml
[INFO] --------------------------------[ jar ]---------------------------------
[INFO] 
[INFO] >>> spring-boot:3.2.2:run (default-cli) > test-compile @ SpringApi >>>
[WARNING] The artifact org.hibernate:hibernate-core:jar:6.4.2.Final has been relocated to org.hibernate.orm:hibernate-core:jar:6.4.2.Final
[INFO] 
[INFO] --- resources:3.3.1:resources (default-resources) @ SpringApi ---
[INFO] Copying 5 resources from src/main/resources to target/classes
[INFO] Copying 2 resources from src/main/resources to target/classes
[INFO] 
[INFO] --- compiler:3.8.1:compile (default-compile) @ SpringApi ---
[INFO] Nothing to compile - all classes are up to date
[INFO] 
[INFO] --- resources:3.3.1:testResources (default-testResources) @ SpringApi ---
[INFO] skip non existing resourceDirectory /Users/nahushraichura/Documents/Ultimate Company Repositories/Spring-Api/SpringApi/src/test/resources
[INFO] 
[INFO] --- compiler:3.8.1:testCompile (default-testCompile) @ SpringApi ---
[INFO] Nothing to compile - all classes are up to date
[INFO] 
[INFO] <<< spring-boot:3.2.2:run (default-cli) < test-compile @ SpringApi <<<
[INFO] 
[INFO] 
[INFO] --- spring-boot:3.2.2:run (default-cli) @ SpringApi ---
[INFO] Attaching agents: []

  .   ____          _            __ _ _
 /\\ / ___'_ __ _ _(_)_ __  __ _ \ \ \ \
( ( )\___ | '_ | '_| | '_ \/ _` | \ \ \ \
 \\/  ___)| |_)| | | | | || (_| |  ) ) ) )
  '  |____| .__|_| |_|_| |_\__, | / / / /
 =========|_|==============|___/=/_/_/_/
 :: Spring Boot ::                (v3.2.2)

2025-11-20T16:19:22.449-05:00  INFO 5772 --- [           main] c.e.SpringApi.SpringApiApplication       : Starting SpringApiApplication using Java 21.0.8 with PID 5772 (/Users/nahushraichura/Documents/Ultimate Company Repositories/Spring-Api/SpringApi/target/classes started by nahushraichura in /Users/nahushraichura/Documents/Ultimate Company Repositories/Spring-Api/SpringApi)
2025-11-20T16:19:22.451-05:00  INFO 5772 --- [           main] c.e.SpringApi.SpringApiApplication       : The following 1 profile is active: "localhost"
2025-11-20T16:19:23.329-05:00  INFO 5772 --- [           main] .s.d.r.c.RepositoryConfigurationDelegate : Bootstrapping Spring Data JPA repositories in DEFAULT mode.
2025-11-20T16:19:23.445-05:00  INFO 5772 --- [           main] .s.d.r.c.RepositoryConfigurationDelegate : Finished Spring Data repository scanning in 110 ms. Found 29 JPA repository interfaces.
2025-11-20T16:19:24.213-05:00  INFO 5772 --- [           main] o.s.b.w.embedded.tomcat.TomcatWebServer  : Tomcat initialized with port 4433 (http)
2025-11-20T16:19:24.222-05:00  INFO 5772 --- [           main] o.apache.catalina.core.StandardService   : Starting service [Tomcat]
2025-11-20T16:19:24.223-05:00  INFO 5772 --- [           main] o.apache.catalina.core.StandardEngine    : Starting Servlet engine: [Apache Tomcat/10.1.18]
2025-11-20T16:19:24.289-05:00  INFO 5772 --- [           main] o.a.c.c.C.[Tomcat].[localhost].[/]       : Initializing Spring embedded WebApplicationContext
2025-11-20T16:19:24.290-05:00  INFO 5772 --- [           main] w.s.c.ServletWebServerApplicationContext : Root WebApplicationContext: initialization completed in 1763 ms
2025-11-20T16:19:24.339-05:00 DEBUG 5772 --- [           main] com.zaxxer.hikari.HikariConfig           : Driver class com.mysql.cj.jdbc.Driver found in Thread context class loader TomcatEmbeddedWebappClassLoader
  context: ROOT
  delegate: true
----------> Parent Classloader:
jdk.internal.loader.ClassLoaders$AppClassLoader@2c854dc5

2025-11-20T16:19:24.371-05:00 DEBUG 5772 --- [           main] j.LocalContainerEntityManagerFactoryBean : Building JPA container EntityManagerFactory for persistence unit 'default'
2025-11-20T16:19:24.380-05:00  INFO 5772 --- [           main] o.hibernate.jpa.internal.util.LogHelper  : HHH000204: Processing PersistenceUnitInfo [name: default]
2025-11-20T16:19:24.514-05:00  INFO 5772 --- [           main] org.hibernate.Version                    : HHH000412: Hibernate ORM core version 6.4.2.Final
2025-11-20T16:19:24.561-05:00  INFO 5772 --- [           main] o.h.c.internal.RegionFactoryInitiator    : HHH000026: Second-level cache disabled
2025-11-20T16:19:24.599-05:00 DEBUG 5772 --- [           main] org.hibernate.type.BasicTypeRegistry     : Adding type registration boolean -> org.hibernate.type.BasicTypeReference@615439f7
2025-11-20T16:19:24.599-05:00 DEBUG 5772 --- [           main] org.hibernate.type.BasicTypeRegistry     : Adding type registration boolean -> org.hibernate.type.BasicTypeReference@615439f7
2025-11-20T16:19:24.599-05:00 DEBUG 5772 --- [           main] org.hibernate.type.BasicTypeRegistry     : Adding type registration java.lang.Boolean -> org.hibernate.type.BasicTypeReference@615439f7
2025-11-20T16:19:24.599-05:00 DEBUG 5772 --- [           main] org.hibernate.type.BasicTypeRegistry     : Adding type registration numeric_boolean -> org.hibernate.type.BasicTypeReference@632cf7d3
2025-11-20T16:19:24.599-05:00 DEBUG 5772 --- [           main] org.hibernate.type.BasicTypeRegistry     : Adding type registration org.hibernate.type.NumericBooleanConverter -> org.hibernate.type.BasicTypeReference@632cf7d3
2025-11-20T16:19:24.599-05:00 DEBUG 5772 --- [           main] org.hibernate.type.BasicTypeRegistry     : Adding type registration true_false -> org.hibernate.type.BasicTypeReference@51b87df7
2025-11-20T16:19:24.599-05:00 DEBUG 5772 --- [           main] org.hibernate.type.BasicTypeRegistry     : Adding type registration org.hibernate.type.TrueFalseConverter -> org.hibernate.type.BasicTypeReference@51b87df7
2025-11-20T16:19:24.599-05:00 DEBUG 5772 --- [           main] org.hibernate.type.BasicTypeRegistry     : Adding type registration yes_no -> org.hibernate.type.BasicTypeReference@2315052d
2025-11-20T16:19:24.600-05:00 DEBUG 5772 --- [           main] org.hibernate.type.BasicTypeRegistry     : Adding type registration org.hibernate.type.YesNoConverter -> org.hibernate.type.BasicTypeReference@2315052d
2025-11-20T16:19:24.600-05:00 DEBUG 5772 --- [           main] org.hibernate.type.BasicTypeRegistry     : Adding type registration byte -> org.hibernate.type.BasicTypeReference@634e1b39
2025-11-20T16:19:24.601-05:00 DEBUG 5772 --- [           main] org.hibernate.type.BasicTypeRegistry     : Adding type registration byte -> org.hibernate.type.BasicTypeReference@634e1b39
2025-11-20T16:19:24.602-05:00 DEBUG 5772 --- [           main] org.hibernate.type.BasicTypeRegistry     : Adding type registration java.lang.Byte -> org.hibernate.type.BasicTypeReference@634e1b39
2025-11-20T16:19:24.602-05:00 DEBUG 5772 --- [           main] org.hibernate.type.BasicTypeRegistry     : Adding type registration binary -> org.hibernate.type.BasicTypeReference@67d8faec
2025-11-20T16:19:24.602-05:00 DEBUG 5772 --- [           main] org.hibernate.type.BasicTypeRegistry     : Adding type registration byte[] -> org.hibernate.type.BasicTypeReference@67d8faec
2025-11-20T16:19:24.602-05:00 DEBUG 5772 --- [           main] org.hibernate.type.BasicTypeRegistry     : Adding type registration [B -> org.hibernate.type.BasicTypeReference@67d8faec
2025-11-20T16:19:24.602-05:00 DEBUG 5772 --- [           main] org.hibernate.type.BasicTypeRegistry     : Adding type registration binary_wrapper -> org.hibernate.type.BasicTypeReference@751d7425
2025-11-20T16:19:24.602-05:00 DEBUG 5772 --- [           main] org.hibernate.type.BasicTypeRegistry     : Adding type registration wrapper-binary -> org.hibernate.type.BasicTypeReference@751d7425
2025-11-20T16:19:24.602-05:00 DEBUG 5772 --- [           main] org.hibernate.type.BasicTypeRegistry     : Adding type registration image -> org.hibernate.type.BasicTypeReference@7eaa2bc6
2025-11-20T16:19:24.602-05:00 DEBUG 5772 --- [           main] org.hibernate.type.BasicTypeRegistry     : Adding type registration blob -> org.hibernate.type.BasicTypeReference@6dae70f9
2025-11-20T16:19:24.602-05:00 DEBUG 5772 --- [           main] org.hibernate.type.BasicTypeRegistry     : Adding type registration java.sql.Blob -> org.hibernate.type.BasicTypeReference@6dae70f9
2025-11-20T16:19:24.604-05:00 DEBUG 5772 --- [           main] org.hibernate.type.BasicTypeRegistry     : Adding type registration materialized_blob -> org.hibernate.type.BasicTypeReference@4d81e83a
2025-11-20T16:19:24.604-05:00 DEBUG 5772 --- [           main] org.hibernate.type.BasicTypeRegistry     : Adding type registration materialized_blob_wrapper -> org.hibernate.type.BasicTypeReference@53a301f3
2025-11-20T16:19:24.605-05:00 DEBUG 5772 --- [           main] org.hibernate.type.BasicTypeRegistry     : Adding type registration short -> org.hibernate.type.BasicTypeReference@7cf8f45a
2025-11-20T16:19:24.605-05:00 DEBUG 5772 --- [           main] org.hibernate.type.BasicTypeRegistry     : Adding type registration short -> org.hibernate.type.BasicTypeReference@7cf8f45a
2025-11-20T16:19:24.605-05:00 DEBUG 5772 --- [           main] org.hibernate.type.BasicTypeRegistry     : Adding type registration java.lang.Short -> org.hibernate.type.BasicTypeReference@7cf8f45a
2025-11-20T16:19:24.605-05:00 DEBUG 5772 --- [           main] org.hibernate.type.BasicTypeRegistry     : Adding type registration integer -> org.hibernate.type.BasicTypeReference@62cf6a84
2025-11-20T16:19:24.605-05:00 DEBUG 5772 --- [           main] org.hibernate.type.BasicTypeRegistry     : Adding type registration int -> org.hibernate.type.BasicTypeReference@62cf6a84
2025-11-20T16:19:24.605-05:00 DEBUG 5772 --- [           main] org.hibernate.type.BasicTypeRegistry     : Adding type registration java.lang.Integer -> org.hibernate.type.BasicTypeReference@62cf6a84
2025-11-20T16:19:24.605-05:00 DEBUG 5772 --- [           main] org.hibernate.type.BasicTypeRegistry     : Adding type registration long -> org.hibernate.type.BasicTypeReference@204d9edf
2025-11-20T16:19:24.605-05:00 DEBUG 5772 --- [           main] org.hibernate.type.BasicTypeRegistry     : Adding type registration long -> org.hibernate.type.BasicTypeReference@204d9edf
2025-11-20T16:19:24.605-05:00 DEBUG 5772 --- [           main] org.hibernate.type.BasicTypeRegistry     : Adding type registration java.lang.Long -> org.hibernate.type.BasicTypeReference@204d9edf
2025-11-20T16:19:24.605-05:00 DEBUG 5772 --- [           main] org.hibernate.type.BasicTypeRegistry     : Adding type registration float -> org.hibernate.type.BasicTypeReference@6b2aafbc
2025-11-20T16:19:24.605-05:00 DEBUG 5772 --- [           main] org.hibernate.type.BasicTypeRegistry     : Adding type registration float -> org.hibernate.type.BasicTypeReference@6b2aafbc
2025-11-20T16:19:24.605-05:00 DEBUG 5772 --- [           main] org.hibernate.type.BasicTypeRegistry     : Adding type registration java.lang.Float -> org.hibernate.type.BasicTypeReference@6b2aafbc
2025-11-20T16:19:24.605-05:00 DEBUG 5772 --- [           main] org.hibernate.type.BasicTypeRegistry     : Adding type registration double -> org.hibernate.type.BasicTypeReference@50cbcca7
2025-11-20T16:19:24.606-05:00 DEBUG 5772 --- [           main] org.hibernate.type.BasicTypeRegistry     : Adding type registration double -> org.hibernate.type.BasicTypeReference@50cbcca7
2025-11-20T16:19:24.606-05:00 DEBUG 5772 --- [           main] org.hibernate.type.BasicTypeRegistry     : Adding type registration java.lang.Double -> org.hibernate.type.BasicTypeReference@50cbcca7
2025-11-20T16:19:24.607-05:00 DEBUG 5772 --- [           main] org.hibernate.type.BasicTypeRegistry     : Adding type registration big_integer -> org.hibernate.type.BasicTypeReference@49491770
2025-11-20T16:19:24.607-05:00 DEBUG 5772 --- [           main] org.hibernate.type.BasicTypeRegistry     : Adding type registration java.math.BigInteger -> org.hibernate.type.BasicTypeReference@49491770
2025-11-20T16:19:24.607-05:00 DEBUG 5772 --- [           main] org.hibernate.type.BasicTypeRegistry     : Adding type registration big_decimal -> org.hibernate.type.BasicTypeReference@5bec3e0
2025-11-20T16:19:24.607-05:00 DEBUG 5772 --- [           main] org.hibernate.type.BasicTypeRegistry     : Adding type registration java.math.BigDecimal -> org.hibernate.type.BasicTypeReference@5bec3e0
2025-11-20T16:19:24.607-05:00 DEBUG 5772 --- [           main] org.hibernate.type.BasicTypeRegistry     : Adding type registration character -> org.hibernate.type.BasicTypeReference@3b57dba4
2025-11-20T16:19:24.607-05:00 DEBUG 5772 --- [           main] org.hibernate.type.BasicTypeRegistry     : Adding type registration char -> org.hibernate.type.BasicTypeReference@3b57dba4
2025-11-20T16:19:24.607-05:00 DEBUG 5772 --- [           main] org.hibernate.type.BasicTypeRegistry     : Adding type registration java.lang.Character -> org.hibernate.type.BasicTypeReference@3b57dba4
2025-11-20T16:19:24.607-05:00 DEBUG 5772 --- [           main] org.hibernate.type.BasicTypeRegistry     : Adding type registration character_nchar -> org.hibernate.type.BasicTypeReference@35f7969d
2025-11-20T16:19:24.607-05:00 DEBUG 5772 --- [           main] org.hibernate.type.BasicTypeRegistry     : Adding type registration string -> org.hibernate.type.BasicTypeReference@3404e5c4
2025-11-20T16:19:24.607-05:00 DEBUG 5772 --- [           main] org.hibernate.type.BasicTypeRegistry     : Adding type registration java.lang.String -> org.hibernate.type.BasicTypeReference@3404e5c4
2025-11-20T16:19:24.607-05:00 DEBUG 5772 --- [           main] org.hibernate.type.BasicTypeRegistry     : Adding type registration nstring -> org.hibernate.type.BasicTypeReference@47569167
2025-11-20T16:19:24.607-05:00 DEBUG 5772 --- [           main] org.hibernate.type.BasicTypeRegistry     : Adding type registration characters -> org.hibernate.type.BasicTypeReference@42d9e8d2
2025-11-20T16:19:24.607-05:00 DEBUG 5772 --- [           main] org.hibernate.type.BasicTypeRegistry     : Adding type registration char[] -> org.hibernate.type.BasicTypeReference@42d9e8d2
2025-11-20T16:19:24.607-05:00 DEBUG 5772 --- [           main] org.hibernate.type.BasicTypeRegistry     : Adding type registration [C -> org.hibernate.type.BasicTypeReference@42d9e8d2
2025-11-20T16:19:24.607-05:00 DEBUG 5772 --- [           main] org.hibernate.type.BasicTypeRegistry     : Adding type registration wrapper-characters -> org.hibernate.type.BasicTypeReference@4b93dd6a
2025-11-20T16:19:24.607-05:00 DEBUG 5772 --- [           main] org.hibernate.type.BasicTypeRegistry     : Adding type registration text -> org.hibernate.type.BasicTypeReference@582a3b19
2025-11-20T16:19:24.607-05:00 DEBUG 5772 --- [           main] org.hibernate.type.BasicTypeRegistry     : Adding type registration ntext -> org.hibernate.type.BasicTypeReference@2b0454d2
2025-11-20T16:19:24.607-05:00 DEBUG 5772 --- [           main] org.hibernate.type.BasicTypeRegistry     : Adding type registration clob -> org.hibernate.type.BasicTypeReference@2616b618
2025-11-20T16:19:24.607-05:00 DEBUG 5772 --- [           main] org.hibernate.type.BasicTypeRegistry     : Adding type registration java.sql.Clob -> org.hibernate.type.BasicTypeReference@2616b618
2025-11-20T16:19:24.607-05:00 DEBUG 5772 --- [           main] org.hibernate.type.BasicTypeRegistry     : Adding type registration nclob -> org.hibernate.type.BasicTypeReference@73bb573d
2025-11-20T16:19:24.607-05:00 DEBUG 5772 --- [           main] org.hibernate.type.BasicTypeRegistry     : Adding type registration java.sql.NClob -> org.hibernate.type.BasicTypeReference@73bb573d
2025-11-20T16:19:24.607-05:00 DEBUG 5772 --- [           main] org.hibernate.type.BasicTypeRegistry     : Adding type registration materialized_clob -> org.hibernate.type.BasicTypeReference@7ac058a0
2025-11-20T16:19:24.607-05:00 DEBUG 5772 --- [           main] org.hibernate.type.BasicTypeRegistry     : Adding type registration materialized_clob_char_array -> org.hibernate.type.BasicTypeReference@736b21ee
2025-11-20T16:19:24.607-05:00 DEBUG 5772 --- [           main] org.hibernate.type.BasicTypeRegistry     : Adding type registration materialized_clob_character_array -> org.hibernate.type.BasicTypeReference@60deefed
2025-11-20T16:19:24.607-05:00 DEBUG 5772 --- [           main] org.hibernate.type.BasicTypeRegistry     : Adding type registration materialized_nclob -> org.hibernate.type.BasicTypeReference@49754e74
2025-11-20T16:19:24.607-05:00 DEBUG 5772 --- [           main] org.hibernate.type.BasicTypeRegistry     : Adding type registration materialized_nclob_character_array -> org.hibernate.type.BasicTypeReference@31881aa2
2025-11-20T16:19:24.607-05:00 DEBUG 5772 --- [           main] org.hibernate.type.BasicTypeRegistry     : Adding type registration materialized_nclob_char_array -> org.hibernate.type.BasicTypeReference@1b46392c
2025-11-20T16:19:24.607-05:00 DEBUG 5772 --- [           main] org.hibernate.type.BasicTypeRegistry     : Adding type registration Duration -> org.hibernate.type.BasicTypeReference@cf01c2e
2025-11-20T16:19:24.607-05:00 DEBUG 5772 --- [           main] org.hibernate.type.BasicTypeRegistry     : Adding type registration java.time.Duration -> org.hibernate.type.BasicTypeReference@cf01c2e
2025-11-20T16:19:24.608-05:00 DEBUG 5772 --- [           main] org.hibernate.type.BasicTypeRegistry     : Adding type registration LocalDateTime -> org.hibernate.type.BasicTypeReference@6f15f52a
2025-11-20T16:19:24.608-05:00 DEBUG 5772 --- [           main] org.hibernate.type.BasicTypeRegistry     : Adding type registration java.time.LocalDateTime -> org.hibernate.type.BasicTypeReference@6f15f52a
2025-11-20T16:19:24.608-05:00 DEBUG 5772 --- [           main] org.hibernate.type.BasicTypeRegistry     : Adding type registration LocalDate -> org.hibernate.type.BasicTypeReference@1eb9bf60
2025-11-20T16:19:24.608-05:00 DEBUG 5772 --- [           main] org.hibernate.type.BasicTypeRegistry     : Adding type registration java.time.LocalDate -> org.hibernate.type.BasicTypeReference@1eb9bf60
2025-11-20T16:19:24.608-05:00 DEBUG 5772 --- [           main] org.hibernate.type.BasicTypeRegistry     : Adding type registration LocalTime -> org.hibernate.type.BasicTypeReference@341c6ac2
2025-11-20T16:19:24.608-05:00 DEBUG 5772 --- [           main] org.hibernate.type.BasicTypeRegistry     : Adding type registration java.time.LocalTime -> org.hibernate.type.BasicTypeReference@341c6ac2
2025-11-20T16:19:24.608-05:00 DEBUG 5772 --- [           main] org.hibernate.type.BasicTypeRegistry     : Adding type registration OffsetDateTime -> org.hibernate.type.BasicTypeReference@38811103
2025-11-20T16:19:24.608-05:00 DEBUG 5772 --- [           main] org.hibernate.type.BasicTypeRegistry     : Adding type registration java.time.OffsetDateTime -> org.hibernate.type.BasicTypeReference@38811103
2025-11-20T16:19:24.608-05:00 DEBUG 5772 --- [           main] org.hibernate.type.BasicTypeRegistry     : Adding type registration OffsetDateTimeWithTimezone -> org.hibernate.type.BasicTypeReference@787d1f9c
2025-11-20T16:19:24.608-05:00 DEBUG 5772 --- [           main] org.hibernate.type.BasicTypeRegistry     : Adding type registration OffsetDateTimeWithoutTimezone -> org.hibernate.type.BasicTypeReference@2becfd4c
2025-11-20T16:19:24.608-05:00 DEBUG 5772 --- [           main] org.hibernate.type.BasicTypeRegistry     : Adding type registration OffsetTime -> org.hibernate.type.BasicTypeReference@7c71c889
2025-11-20T16:19:24.608-05:00 DEBUG 5772 --- [           main] org.hibernate.type.BasicTypeRegistry     : Adding type registration java.time.OffsetTime -> org.hibernate.type.BasicTypeReference@7c71c889
2025-11-20T16:19:24.608-05:00 DEBUG 5772 --- [           main] org.hibernate.type.BasicTypeRegistry     : Adding type registration OffsetTimeUtc -> org.hibernate.type.BasicTypeReference@4cc8d70d
2025-11-20T16:19:24.608-05:00 DEBUG 5772 --- [           main] org.hibernate.type.BasicTypeRegistry     : Adding type registration OffsetTimeWithTimezone -> org.hibernate.type.BasicTypeReference@5c59a0f7
2025-11-20T16:19:24.608-05:00 DEBUG 5772 --- [           main] org.hibernate.type.BasicTypeRegistry     : Adding type registration OffsetTimeWithoutTimezone -> org.hibernate.type.BasicTypeReference@101330ad
2025-11-20T16:19:24.608-05:00 DEBUG 5772 --- [           main] org.hibernate.type.BasicTypeRegistry     : Adding type registration ZonedDateTime -> org.hibernate.type.BasicTypeReference@625487a6
2025-11-20T16:19:24.608-05:00 DEBUG 5772 --- [           main] org.hibernate.type.BasicTypeRegistry     : Adding type registration java.time.ZonedDateTime -> org.hibernate.type.BasicTypeReference@625487a6
2025-11-20T16:19:24.608-05:00 DEBUG 5772 --- [           main] org.hibernate.type.BasicTypeRegistry     : Adding type registration ZonedDateTimeWithTimezone -> org.hibernate.type.BasicTypeReference@682e445e
2025-11-20T16:19:24.608-05:00 DEBUG 5772 --- [           main] org.hibernate.type.BasicTypeRegistry     : Adding type registration ZonedDateTimeWithoutTimezone -> org.hibernate.type.BasicTypeReference@79e10fb4
2025-11-20T16:19:24.608-05:00 DEBUG 5772 --- [           main] org.hibernate.type.BasicTypeRegistry     : Adding type registration date -> org.hibernate.type.BasicTypeReference@70fede7d
2025-11-20T16:19:24.609-05:00 DEBUG 5772 --- [           main] org.hibernate.type.BasicTypeRegistry     : Adding type registration java.sql.Date -> org.hibernate.type.BasicTypeReference@70fede7d
2025-11-20T16:19:24.609-05:00 DEBUG 5772 --- [           main] org.hibernate.type.BasicTypeRegistry     : Adding type registration time -> org.hibernate.type.BasicTypeReference@36510e73
2025-11-20T16:19:24.610-05:00 DEBUG 5772 --- [           main] org.hibernate.type.BasicTypeRegistry     : Adding type registration java.sql.Time -> org.hibernate.type.BasicTypeReference@36510e73
2025-11-20T16:19:24.610-05:00 DEBUG 5772 --- [           main] org.hibernate.type.BasicTypeRegistry     : Adding type registration timestamp -> org.hibernate.type.BasicTypeReference@2c47a053
2025-11-20T16:19:24.610-05:00 DEBUG 5772 --- [           main] org.hibernate.type.BasicTypeRegistry     : Adding type registration java.sql.Timestamp -> org.hibernate.type.BasicTypeReference@2c47a053
2025-11-20T16:19:24.610-05:00 DEBUG 5772 --- [           main] org.hibernate.type.BasicTypeRegistry     : Adding type registration java.util.Date -> org.hibernate.type.BasicTypeReference@2c47a053
2025-11-20T16:19:24.610-05:00 DEBUG 5772 --- [           main] org.hibernate.type.BasicTypeRegistry     : Adding type registration calendar -> org.hibernate.type.BasicTypeReference@5d2a86c0
2025-11-20T16:19:24.610-05:00 DEBUG 5772 --- [           main] org.hibernate.type.BasicTypeRegistry     : Adding type registration java.util.Calendar -> org.hibernate.type.BasicTypeReference@5d2a86c0
2025-11-20T16:19:24.610-05:00 DEBUG 5772 --- [           main] org.hibernate.type.BasicTypeRegistry     : Adding type registration java.util.GregorianCalendar -> org.hibernate.type.BasicTypeReference@5d2a86c0
2025-11-20T16:19:24.610-05:00 DEBUG 5772 --- [           main] org.hibernate.type.BasicTypeRegistry     : Adding type registration calendar_date -> org.hibernate.type.BasicTypeReference@5ba1b62e
2025-11-20T16:19:24.610-05:00 DEBUG 5772 --- [           main] org.hibernate.type.BasicTypeRegistry     : Adding type registration calendar_time -> org.hibernate.type.BasicTypeReference@65bd19bf
2025-11-20T16:19:24.610-05:00 DEBUG 5772 --- [           main] org.hibernate.type.BasicTypeRegistry     : Adding type registration instant -> org.hibernate.type.BasicTypeReference@74697863
2025-11-20T16:19:24.610-05:00 DEBUG 5772 --- [           main] org.hibernate.type.BasicTypeRegistry     : Adding type registration java.time.Instant -> org.hibernate.type.BasicTypeReference@74697863
2025-11-20T16:19:24.611-05:00 DEBUG 5772 --- [           main] org.hibernate.type.BasicTypeRegistry     : Adding type registration uuid -> org.hibernate.type.BasicTypeReference@7d7ceca8
2025-11-20T16:19:24.611-05:00 DEBUG 5772 --- [           main] org.hibernate.type.BasicTypeRegistry     : Adding type registration java.util.UUID -> org.hibernate.type.BasicTypeReference@7d7ceca8
2025-11-20T16:19:24.611-05:00 DEBUG 5772 --- [           main] org.hibernate.type.BasicTypeRegistry     : Adding type registration pg-uuid -> org.hibernate.type.BasicTypeReference@7d7ceca8
2025-11-20T16:19:24.611-05:00 DEBUG 5772 --- [           main] org.hibernate.type.BasicTypeRegistry     : Adding type registration uuid-binary -> org.hibernate.type.BasicTypeReference@2bba35ef
2025-11-20T16:19:24.612-05:00 DEBUG 5772 --- [           main] org.hibernate.type.BasicTypeRegistry     : Adding type registration uuid-char -> org.hibernate.type.BasicTypeReference@26c7b1c6
2025-11-20T16:19:24.612-05:00 DEBUG 5772 --- [           main] org.hibernate.type.BasicTypeRegistry     : Adding type registration class -> org.hibernate.type.BasicTypeReference@19526f1d
2025-11-20T16:19:24.612-05:00 DEBUG 5772 --- [           main] org.hibernate.type.BasicTypeRegistry     : Adding type registration java.lang.Class -> org.hibernate.type.BasicTypeReference@19526f1d
2025-11-20T16:19:24.612-05:00 DEBUG 5772 --- [           main] org.hibernate.type.BasicTypeRegistry     : Adding type registration currency -> org.hibernate.type.BasicTypeReference@3d1c933
2025-11-20T16:19:24.613-05:00 DEBUG 5772 --- [           main] org.hibernate.type.BasicTypeRegistry     : Adding type registration Currency -> org.hibernate.type.BasicTypeReference@3d1c933
2025-11-20T16:19:24.613-05:00 DEBUG 5772 --- [           main] org.hibernate.type.BasicTypeRegistry     : Adding type registration java.util.Currency -> org.hibernate.type.BasicTypeReference@3d1c933
2025-11-20T16:19:24.613-05:00 DEBUG 5772 --- [           main] org.hibernate.type.BasicTypeRegistry     : Adding type registration locale -> org.hibernate.type.BasicTypeReference@79be91eb
2025-11-20T16:19:24.613-05:00 DEBUG 5772 --- [           main] org.hibernate.type.BasicTypeRegistry     : Adding type registration java.util.Locale -> org.hibernate.type.BasicTypeReference@79be91eb
2025-11-20T16:19:24.613-05:00 DEBUG 5772 --- [           main] org.hibernate.type.BasicTypeRegistry     : Adding type registration serializable -> org.hibernate.type.BasicTypeReference@626c569b
2025-11-20T16:19:24.613-05:00 DEBUG 5772 --- [           main] org.hibernate.type.BasicTypeRegistry     : Adding type registration java.io.Serializable -> org.hibernate.type.BasicTypeReference@626c569b
2025-11-20T16:19:24.613-05:00 DEBUG 5772 --- [           main] org.hibernate.type.BasicTypeRegistry     : Adding type registration timezone -> org.hibernate.type.BasicTypeReference@684ce74c
2025-11-20T16:19:24.613-05:00 DEBUG 5772 --- [           main] org.hibernate.type.BasicTypeRegistry     : Adding type registration java.util.TimeZone -> org.hibernate.type.BasicTypeReference@684ce74c
2025-11-20T16:19:24.614-05:00 DEBUG 5772 --- [           main] org.hibernate.type.BasicTypeRegistry     : Adding type registration ZoneOffset -> org.hibernate.type.BasicTypeReference@65593327
2025-11-20T16:19:24.614-05:00 DEBUG 5772 --- [           main] org.hibernate.type.BasicTypeRegistry     : Adding type registration java.time.ZoneOffset -> org.hibernate.type.BasicTypeReference@65593327
2025-11-20T16:19:24.614-05:00 DEBUG 5772 --- [           main] org.hibernate.type.BasicTypeRegistry     : Adding type registration url -> org.hibernate.type.BasicTypeReference@68e5c7ae
2025-11-20T16:19:24.614-05:00 DEBUG 5772 --- [           main] org.hibernate.type.BasicTypeRegistry     : Adding type registration java.net.URL -> org.hibernate.type.BasicTypeReference@68e5c7ae
2025-11-20T16:19:24.614-05:00 DEBUG 5772 --- [           main] org.hibernate.type.BasicTypeRegistry     : Adding type registration vector -> org.hibernate.type.BasicTypeReference@68bd8ca7
2025-11-20T16:19:24.614-05:00 DEBUG 5772 --- [           main] org.hibernate.type.BasicTypeRegistry     : Adding type registration row_version -> org.hibernate.type.BasicTypeReference@6744707b
2025-11-20T16:19:24.618-05:00 DEBUG 5772 --- [           main] org.hibernate.type.BasicTypeRegistry     : Adding type registration object -> org.hibernate.type.JavaObjectType@69f080ad
2025-11-20T16:19:24.618-05:00 DEBUG 5772 --- [           main] org.hibernate.type.BasicTypeRegistry     : Adding type registration java.lang.Object -> org.hibernate.type.JavaObjectType@69f080ad
2025-11-20T16:19:24.618-05:00 DEBUG 5772 --- [           main] org.hibernate.type.BasicTypeRegistry     : Adding type registration null -> org.hibernate.type.NullType@4db0ba1c
2025-11-20T16:19:24.628-05:00 DEBUG 5772 --- [           main] org.hibernate.type.BasicTypeRegistry     : Adding type registration imm_date -> org.hibernate.type.BasicTypeReference@1d91fa02
2025-11-20T16:19:24.628-05:00 DEBUG 5772 --- [           main] org.hibernate.type.BasicTypeRegistry     : Adding type registration imm_time -> org.hibernate.type.BasicTypeReference@414b2df5
2025-11-20T16:19:24.628-05:00 DEBUG 5772 --- [           main] org.hibernate.type.BasicTypeRegistry     : Adding type registration imm_timestamp -> org.hibernate.type.BasicTypeReference@9e30f9a
2025-11-20T16:19:24.628-05:00 DEBUG 5772 --- [           main] org.hibernate.type.BasicTypeRegistry     : Adding type registration imm_calendar -> org.hibernate.type.BasicTypeReference@1b30a54e
2025-11-20T16:19:24.628-05:00 DEBUG 5772 --- [           main] org.hibernate.type.BasicTypeRegistry     : Adding type registration imm_calendar_date -> org.hibernate.type.BasicTypeReference@26275b46
2025-11-20T16:19:24.628-05:00 DEBUG 5772 --- [           main] org.hibernate.type.BasicTypeRegistry     : Adding type registration imm_calendar_time -> org.hibernate.type.BasicTypeReference@3e9beef2
2025-11-20T16:19:24.628-05:00 DEBUG 5772 --- [           main] org.hibernate.type.BasicTypeRegistry     : Adding type registration imm_binary -> org.hibernate.type.BasicTypeReference@2f15a964
2025-11-20T16:19:24.628-05:00 DEBUG 5772 --- [           main] org.hibernate.type.BasicTypeRegistry     : Adding type registration imm_serializable -> org.hibernate.type.BasicTypeReference@3111631d
2025-11-20T16:19:24.890-05:00  INFO 5772 --- [           main] o.s.o.j.p.SpringPersistenceUnitInfo      : No LoadTimeWeaver setup: ignoring JPA class transformer
2025-11-20T16:19:24.904-05:00 DEBUG 5772 --- [           main] com.zaxxer.hikari.HikariConfig           : HikariPool-1 - configuration:
2025-11-20T16:19:24.915-05:00 DEBUG 5772 --- [           main] com.zaxxer.hikari.HikariConfig           : allowPoolSuspension.............false
2025-11-20T16:19:24.916-05:00 DEBUG 5772 --- [           main] com.zaxxer.hikari.HikariConfig           : autoCommit......................true
2025-11-20T16:19:24.916-05:00 DEBUG 5772 --- [           main] com.zaxxer.hikari.HikariConfig           : catalog.........................none
2025-11-20T16:19:24.916-05:00 DEBUG 5772 --- [           main] com.zaxxer.hikari.HikariConfig           : connectionInitSql...............none
2025-11-20T16:19:24.916-05:00 DEBUG 5772 --- [           main] com.zaxxer.hikari.HikariConfig           : connectionTestQuery.............none
2025-11-20T16:19:24.916-05:00 DEBUG 5772 --- [           main] com.zaxxer.hikari.HikariConfig           : connectionTimeout...............30000
2025-11-20T16:19:24.916-05:00 DEBUG 5772 --- [           main] com.zaxxer.hikari.HikariConfig           : dataSource......................none
2025-11-20T16:19:24.917-05:00 DEBUG 5772 --- [           main] com.zaxxer.hikari.HikariConfig           : dataSourceClassName.............none
2025-11-20T16:19:24.917-05:00 DEBUG 5772 --- [           main] com.zaxxer.hikari.HikariConfig           : dataSourceJNDI..................none
2025-11-20T16:19:24.917-05:00 DEBUG 5772 --- [           main] com.zaxxer.hikari.HikariConfig           : dataSourceProperties............{password=<masked>}
2025-11-20T16:19:24.917-05:00 DEBUG 5772 --- [           main] com.zaxxer.hikari.HikariConfig           : driverClassName................."com.mysql.cj.jdbc.Driver"
2025-11-20T16:19:24.917-05:00 DEBUG 5772 --- [           main] com.zaxxer.hikari.HikariConfig           : exceptionOverrideClassName......none
2025-11-20T16:19:24.917-05:00 DEBUG 5772 --- [           main] com.zaxxer.hikari.HikariConfig           : healthCheckProperties...........{}
2025-11-20T16:19:24.917-05:00 DEBUG 5772 --- [           main] com.zaxxer.hikari.HikariConfig           : healthCheckRegistry.............none
2025-11-20T16:19:24.917-05:00 DEBUG 5772 --- [           main] com.zaxxer.hikari.HikariConfig           : idleTimeout.....................600000
2025-11-20T16:19:24.917-05:00 DEBUG 5772 --- [           main] com.zaxxer.hikari.HikariConfig           : initializationFailTimeout.......1
2025-11-20T16:19:24.917-05:00 DEBUG 5772 --- [           main] com.zaxxer.hikari.HikariConfig           : isolateInternalQueries..........false
2025-11-20T16:19:24.918-05:00 DEBUG 5772 --- [           main] com.zaxxer.hikari.HikariConfig           : jdbcUrl.........................jdbc:mysql://localhost:3306/UltimateCompanyDatabase
2025-11-20T16:19:24.918-05:00 DEBUG 5772 --- [           main] com.zaxxer.hikari.HikariConfig           : keepaliveTime...................0
2025-11-20T16:19:24.918-05:00 DEBUG 5772 --- [           main] com.zaxxer.hikari.HikariConfig           : leakDetectionThreshold..........0
2025-11-20T16:19:24.918-05:00 DEBUG 5772 --- [           main] com.zaxxer.hikari.HikariConfig           : maxLifetime.....................1800000
2025-11-20T16:19:24.918-05:00 DEBUG 5772 --- [           main] com.zaxxer.hikari.HikariConfig           : maximumPoolSize.................10
2025-11-20T16:19:24.918-05:00 DEBUG 5772 --- [           main] com.zaxxer.hikari.HikariConfig           : metricRegistry..................none
2025-11-20T16:19:24.918-05:00 DEBUG 5772 --- [           main] com.zaxxer.hikari.HikariConfig           : metricsTrackerFactory...........none
2025-11-20T16:19:24.918-05:00 DEBUG 5772 --- [           main] com.zaxxer.hikari.HikariConfig           : minimumIdle.....................10
2025-11-20T16:19:24.918-05:00 DEBUG 5772 --- [           main] com.zaxxer.hikari.HikariConfig           : password........................<masked>
2025-11-20T16:19:24.919-05:00 DEBUG 5772 --- [           main] com.zaxxer.hikari.HikariConfig           : poolName........................"HikariPool-1"
2025-11-20T16:19:24.919-05:00 DEBUG 5772 --- [           main] com.zaxxer.hikari.HikariConfig           : readOnly........................false
2025-11-20T16:19:24.920-05:00 DEBUG 5772 --- [           main] com.zaxxer.hikari.HikariConfig           : registerMbeans..................false
2025-11-20T16:19:24.920-05:00 DEBUG 5772 --- [           main] com.zaxxer.hikari.HikariConfig           : scheduledExecutor...............none
2025-11-20T16:19:24.920-05:00 DEBUG 5772 --- [           main] com.zaxxer.hikari.HikariConfig           : schema..........................none
2025-11-20T16:19:24.920-05:00 DEBUG 5772 --- [           main] com.zaxxer.hikari.HikariConfig           : threadFactory...................internal
2025-11-20T16:19:24.920-05:00 DEBUG 5772 --- [           main] com.zaxxer.hikari.HikariConfig           : transactionIsolation............default
2025-11-20T16:19:24.920-05:00 DEBUG 5772 --- [           main] com.zaxxer.hikari.HikariConfig           : username........................"root"
2025-11-20T16:19:24.920-05:00 DEBUG 5772 --- [           main] com.zaxxer.hikari.HikariConfig           : validationTimeout...............5000
2025-11-20T16:19:24.920-05:00  INFO 5772 --- [           main] com.zaxxer.hikari.HikariDataSource       : HikariPool-1 - Starting...
2025-11-20T16:19:25.193-05:00  INFO 5772 --- [           main] com.zaxxer.hikari.pool.HikariPool        : HikariPool-1 - Added connection com.mysql.cj.jdbc.ConnectionImpl@2bd158ea
2025-11-20T16:19:25.195-05:00  INFO 5772 --- [           main] com.zaxxer.hikari.HikariDataSource       : HikariPool-1 - Start completed.
2025-11-20T16:19:25.231-05:00  WARN 5772 --- [           main] org.hibernate.orm.deprecation            : HHH90000025: MySQL8Dialect does not need to be specified explicitly using 'hibernate.dialect' (remove the property setting and it will be selected by default)
2025-11-20T16:19:25.232-05:00  WARN 5772 --- [           main] org.hibernate.orm.deprecation            : HHH90000026: MySQL8Dialect has been deprecated; use org.hibernate.dialect.MySQLDialect instead
2025-11-20T16:19:25.247-05:00 DEBUG 5772 --- [           main] o.h.t.d.sql.spi.DdlTypeRegistry          : addDescriptor(12, org.hibernate.type.descriptor.sql.internal.CapacityDependentDdlType@21b3d356) replaced previous registration(org.hibernate.type.descriptor.sql.internal.CapacityDependentDdlType@294b045b)
2025-11-20T16:19:25.248-05:00 DEBUG 5772 --- [           main] o.h.t.d.sql.spi.DdlTypeRegistry          : addDescriptor(-9, org.hibernate.type.descriptor.sql.internal.CapacityDependentDdlType@285ac29) replaced previous registration(org.hibernate.type.descriptor.sql.internal.CapacityDependentDdlType@1ced1d14)
2025-11-20T16:19:25.248-05:00 DEBUG 5772 --- [           main] o.h.t.d.sql.spi.DdlTypeRegistry          : addDescriptor(-3, org.hibernate.type.descriptor.sql.internal.CapacityDependentDdlType@237b54bc) replaced previous registration(org.hibernate.type.descriptor.sql.internal.CapacityDependentDdlType@5263f554)
2025-11-20T16:19:25.248-05:00 DEBUG 5772 --- [           main] o.h.t.d.sql.spi.DdlTypeRegistry          : addDescriptor(4003, org.hibernate.type.descriptor.sql.internal.DdlTypeImpl@7d28efd5) replaced previous registration(org.hibernate.type.descriptor.sql.internal.DdlTypeImpl@95958d9)
2025-11-20T16:19:25.248-05:00 DEBUG 5772 --- [           main] o.h.t.d.sql.spi.DdlTypeRegistry          : addDescriptor(4001, org.hibernate.type.descriptor.sql.internal.DdlTypeImpl@70fe33fa) replaced previous registration(org.hibernate.type.descriptor.sql.internal.DdlTypeImpl@3dfaa1e4)
2025-11-20T16:19:25.249-05:00 DEBUG 5772 --- [           main] o.h.t.d.sql.spi.DdlTypeRegistry          : addDescriptor(4002, org.hibernate.type.descriptor.sql.internal.DdlTypeImpl@796a7c9) replaced previous registration(org.hibernate.type.descriptor.sql.internal.DdlTypeImpl@44cab872)
2025-11-20T16:19:25.249-05:00 DEBUG 5772 --- [           main] o.h.t.d.sql.spi.DdlTypeRegistry          : addDescriptor(2004, org.hibernate.type.descriptor.sql.internal.CapacityDependentDdlType@452a32f2) replaced previous registration(org.hibernate.type.descriptor.sql.internal.DdlTypeImpl@2db75e32)
2025-11-20T16:19:25.249-05:00 DEBUG 5772 --- [           main] o.h.t.d.sql.spi.DdlTypeRegistry          : addDescriptor(2005, org.hibernate.type.descriptor.sql.internal.CapacityDependentDdlType@1f2d0ca2) replaced previous registration(org.hibernate.type.descriptor.sql.internal.DdlTypeImpl@e353e1d)
2025-11-20T16:19:25.249-05:00 DEBUG 5772 --- [           main] o.h.t.d.sql.spi.DdlTypeRegistry          : addDescriptor(2011, org.hibernate.type.descriptor.sql.internal.CapacityDependentDdlType@1a1c308b) replaced previous registration(org.hibernate.type.descriptor.sql.internal.DdlTypeImpl@d4dbb34)
2025-11-20T16:19:25.250-05:00 DEBUG 5772 --- [           main] o.h.t.d.jdbc.spi.JdbcTypeRegistry        : addDescriptor(NCharTypeDescriptor) replaced previous registration(CharTypeDescriptor)
2025-11-20T16:19:25.250-05:00 DEBUG 5772 --- [           main] o.h.t.d.jdbc.spi.JdbcTypeRegistry        : addDescriptor(NVarcharTypeDescriptor) replaced previous registration(VarcharTypeDescriptor)
2025-11-20T16:19:25.250-05:00 DEBUG 5772 --- [           main] o.h.t.d.jdbc.spi.JdbcTypeRegistry        : addDescriptor(LongNVarcharTypeDescriptor) replaced previous registration(LongVarcharTypeDescriptor)
2025-11-20T16:19:25.251-05:00 DEBUG 5772 --- [           main] o.h.t.d.jdbc.spi.JdbcTypeRegistry        : addDescriptor(NClobTypeDescriptor(DEFAULT)) replaced previous registration(ClobTypeDescriptor(DEFAULT))
2025-11-20T16:19:25.251-05:00 DEBUG 5772 --- [           main] o.h.t.d.jdbc.spi.JdbcTypeRegistry        : addDescriptor(2005, ClobTypeDescriptor(STREAM_BINDING)) replaced previous registration(ClobTypeDescriptor(DEFAULT))
2025-11-20T16:19:25.252-05:00 DEBUG 5772 --- [           main] org.hibernate.type.BasicTypeRegistry     : Adding type registration null -> org.hibernate.type.NullType@43778d6d
2025-11-20T16:19:25.252-05:00 DEBUG 5772 --- [           main] org.hibernate.type.BasicTypeRegistry     : Type registration key [null] overrode previous entry : `org.hibernate.type.NullType@4db0ba1c`
2025-11-20T16:19:25.254-05:00 DEBUG 5772 --- [           main] org.hibernate.type.BasicTypeRegistry     : Adding type registration org.hibernate.type.DurationType -> basicType@1(java.time.Duration,2)
2025-11-20T16:19:25.254-05:00 DEBUG 5772 --- [           main] org.hibernate.type.BasicTypeRegistry     : Adding type registration Duration -> basicType@1(java.time.Duration,2)
2025-11-20T16:19:25.254-05:00 DEBUG 5772 --- [           main] org.hibernate.type.BasicTypeRegistry     : Adding type registration java.time.Duration -> basicType@1(java.time.Duration,2)
2025-11-20T16:19:25.255-05:00 DEBUG 5772 --- [           main] org.hibernate.type.BasicTypeRegistry     : Adding type registration org.hibernate.type.OffsetDateTimeType -> basicType@2(java.time.OffsetDateTime,3003)
2025-11-20T16:19:25.256-05:00 DEBUG 5772 --- [           main] org.hibernate.type.BasicTypeRegistry     : Adding type registration OffsetDateTime -> basicType@2(java.time.OffsetDateTime,3003)
2025-11-20T16:19:25.256-05:00 DEBUG 5772 --- [           main] org.hibernate.type.BasicTypeRegistry     : Adding type registration java.time.OffsetDateTime -> basicType@2(java.time.OffsetDateTime,3003)
2025-11-20T16:19:25.256-05:00 DEBUG 5772 --- [           main] org.hibernate.type.BasicTypeRegistry     : Adding type registration org.hibernate.type.ZonedDateTimeType -> basicType@3(java.time.ZonedDateTime,3003)
2025-11-20T16:19:25.256-05:00 DEBUG 5772 --- [           main] org.hibernate.type.BasicTypeRegistry     : Adding type registration ZonedDateTime -> basicType@3(java.time.ZonedDateTime,3003)
2025-11-20T16:19:25.256-05:00 DEBUG 5772 --- [           main] org.hibernate.type.BasicTypeRegistry     : Adding type registration java.time.ZonedDateTime -> basicType@3(java.time.ZonedDateTime,3003)
2025-11-20T16:19:25.256-05:00 DEBUG 5772 --- [           main] org.hibernate.type.BasicTypeRegistry     : Adding type registration org.hibernate.type.OffsetTimeType -> basicType@4(java.time.OffsetTime,3007)
2025-11-20T16:19:25.256-05:00 DEBUG 5772 --- [           main] org.hibernate.type.BasicTypeRegistry     : Adding type registration OffsetTime -> basicType@4(java.time.OffsetTime,3007)
2025-11-20T16:19:25.256-05:00 DEBUG 5772 --- [           main] org.hibernate.type.BasicTypeRegistry     : Adding type registration java.time.OffsetTime -> basicType@4(java.time.OffsetTime,3007)
2025-11-20T16:19:25.256-05:00 DEBUG 5772 --- [           main] o.h.type.spi.TypeConfiguration$Scope     : Scoping TypeConfiguration [org.hibernate.type.spi.TypeConfiguration@5d50e7f6] to MetadataBuildingContext [org.hibernate.boot.internal.MetadataBuildingContextRootImpl@54fbaa65]
2025-11-20T16:19:25.300-05:00 DEBUG 5772 --- [l-1 housekeeper] com.zaxxer.hikari.pool.HikariPool        : HikariPool-1 - Pool stats (total=1, active=0, idle=1, waiting=0)
2025-11-20T16:19:25.332-05:00 DEBUG 5772 --- [onnection adder] com.zaxxer.hikari.pool.HikariPool        : HikariPool-1 - Added connection com.mysql.cj.jdbc.ConnectionImpl@77bddf38
2025-11-20T16:19:25.366-05:00 DEBUG 5772 --- [onnection adder] com.zaxxer.hikari.pool.HikariPool        : HikariPool-1 - Added connection com.mysql.cj.jdbc.ConnectionImpl@1e215cb2
2025-11-20T16:19:25.397-05:00 DEBUG 5772 --- [onnection adder] com.zaxxer.hikari.pool.HikariPool        : HikariPool-1 - Added connection com.mysql.cj.jdbc.ConnectionImpl@66b7d354
2025-11-20T16:19:25.431-05:00 DEBUG 5772 --- [onnection adder] com.zaxxer.hikari.pool.HikariPool        : HikariPool-1 - Added connection com.mysql.cj.jdbc.ConnectionImpl@25c67275
2025-11-20T16:19:25.462-05:00 DEBUG 5772 --- [onnection adder] com.zaxxer.hikari.pool.HikariPool        : HikariPool-1 - Added connection com.mysql.cj.jdbc.ConnectionImpl@696222e1
2025-11-20T16:19:25.494-05:00 DEBUG 5772 --- [onnection adder] com.zaxxer.hikari.pool.HikariPool        : HikariPool-1 - Added connection com.mysql.cj.jdbc.ConnectionImpl@1bb1a314
2025-11-20T16:19:25.520-05:00 DEBUG 5772 --- [onnection adder] com.zaxxer.hikari.pool.HikariPool        : HikariPool-1 - Added connection com.mysql.cj.jdbc.ConnectionImpl@3d81d402
2025-11-20T16:19:25.549-05:00 DEBUG 5772 --- [onnection adder] com.zaxxer.hikari.pool.HikariPool        : HikariPool-1 - Added connection com.mysql.cj.jdbc.ConnectionImpl@596e728d
2025-11-20T16:19:25.579-05:00 DEBUG 5772 --- [onnection adder] com.zaxxer.hikari.pool.HikariPool        : HikariPool-1 - Added connection com.mysql.cj.jdbc.ConnectionImpl@4b4ac756
2025-11-20T16:19:25.590-05:00 DEBUG 5772 --- [onnection adder] com.zaxxer.hikari.pool.HikariPool        : HikariPool-1 - After adding stats (total=10, active=0, idle=10, waiting=0)
2025-11-20T16:19:26.839-05:00  INFO 5772 --- [           main] o.h.e.t.j.p.i.JtaPlatformInitiator       : HHH000489: No JTA platform available (set 'hibernate.transaction.jta.platform' to enable JTA platform integration)
2025-11-20T16:19:26.846-05:00 DEBUG 5772 --- [           main] o.h.type.spi.TypeConfiguration$Scope     : Scoping TypeConfiguration [org.hibernate.type.spi.TypeConfiguration@5d50e7f6] to SessionFactoryImplementor [org.hibernate.internal.SessionFactoryImpl@f456711]
2025-11-20T16:19:26.849-05:00 TRACE 5772 --- [           main] o.h.type.spi.TypeConfiguration$Scope     : Handling #sessionFactoryCreated from [org.hibernate.internal.SessionFactoryImpl@f456711] for TypeConfiguration
2025-11-20T16:19:26.850-05:00  INFO 5772 --- [           main] j.LocalContainerEntityManagerFactoryBean : Initialized JPA EntityManagerFactory for persistence unit 'default'
2025-11-20T16:19:26.939-05:00 DEBUG 5772 --- [           main] tor$SharedEntityManagerInvocationHandler : Creating new EntityManager for shared EntityManager invocation
2025-11-20T16:19:26.957-05:00 DEBUG 5772 --- [           main] tor$SharedEntityManagerInvocationHandler : Creating new EntityManager for shared EntityManager invocation
2025-11-20T16:19:27.083-05:00 DEBUG 5772 --- [           main] tor$SharedEntityManagerInvocationHandler : Creating new EntityManager for shared EntityManager invocation
2025-11-20T16:19:27.136-05:00 DEBUG 5772 --- [           main] tor$SharedEntityManagerInvocationHandler : Creating new EntityManager for shared EntityManager invocation
2025-11-20T16:19:27.181-05:00  INFO 5772 --- [           main] o.s.d.j.r.query.QueryEnhancerFactory     : Hibernate is in classpath; If applicable, HQL parser will be used.
2025-11-20T16:19:27.364-05:00 DEBUG 5772 --- [           main] tor$SharedEntityManagerInvocationHandler : Creating new EntityManager for shared EntityManager invocation
2025-11-20T16:19:27.644-05:00 DEBUG 5772 --- [           main] tor$SharedEntityManagerInvocationHandler : Creating new EntityManager for shared EntityManager invocation
2025-11-20T16:19:27.683-05:00 DEBUG 5772 --- [           main] tor$SharedEntityManagerInvocationHandler : Creating new EntityManager for shared EntityManager invocation
2025-11-20T16:19:27.696-05:00 DEBUG 5772 --- [           main] tor$SharedEntityManagerInvocationHandler : Creating new EntityManager for shared EntityManager invocation
2025-11-20T16:19:27.797-05:00 DEBUG 5772 --- [           main] tor$SharedEntityManagerInvocationHandler : Creating new EntityManager for shared EntityManager invocation
2025-11-20T16:19:27.799-05:00 DEBUG 5772 --- [           main] tor$SharedEntityManagerInvocationHandler : Creating new EntityManager for shared EntityManager invocation
2025-11-20T16:19:27.815-05:00 DEBUG 5772 --- [           main] tor$SharedEntityManagerInvocationHandler : Creating new EntityManager for shared EntityManager invocation
2025-11-20T16:19:27.815-05:00 DEBUG 5772 --- [           main] tor$SharedEntityManagerInvocationHandler : Creating new EntityManager for shared EntityManager invocation
2025-11-20T16:19:27.825-05:00 DEBUG 5772 --- [           main] tor$SharedEntityManagerInvocationHandler : Creating new EntityManager for shared EntityManager invocation
2025-11-20T16:19:27.828-05:00 DEBUG 5772 --- [           main] tor$SharedEntityManagerInvocationHandler : Creating new EntityManager for shared EntityManager invocation
2025-11-20T16:19:27.831-05:00 DEBUG 5772 --- [           main] tor$SharedEntityManagerInvocationHandler : Creating new EntityManager for shared EntityManager invocation
2025-11-20T16:19:27.835-05:00 DEBUG 5772 --- [           main] tor$SharedEntityManagerInvocationHandler : Creating new EntityManager for shared EntityManager invocation
2025-11-20T16:19:27.864-05:00 DEBUG 5772 --- [           main] tor$SharedEntityManagerInvocationHandler : Creating new EntityManager for shared EntityManager invocation
2025-11-20T16:19:27.870-05:00 DEBUG 5772 --- [           main] tor$SharedEntityManagerInvocationHandler : Creating new EntityManager for shared EntityManager invocation
2025-11-20T16:19:27.889-05:00 DEBUG 5772 --- [           main] tor$SharedEntityManagerInvocationHandler : Creating new EntityManager for shared EntityManager invocation
2025-11-20T16:19:27.890-05:00 DEBUG 5772 --- [           main] tor$SharedEntityManagerInvocationHandler : Creating new EntityManager for shared EntityManager invocation
2025-11-20T16:19:27.899-05:00 DEBUG 5772 --- [           main] tor$SharedEntityManagerInvocationHandler : Creating new EntityManager for shared EntityManager invocation
2025-11-20T16:19:27.905-05:00 DEBUG 5772 --- [           main] tor$SharedEntityManagerInvocationHandler : Creating new EntityManager for shared EntityManager invocation
2025-11-20T16:19:27.915-05:00 DEBUG 5772 --- [           main] tor$SharedEntityManagerInvocationHandler : Creating new EntityManager for shared EntityManager invocation
2025-11-20T16:19:27.916-05:00 DEBUG 5772 --- [           main] tor$SharedEntityManagerInvocationHandler : Creating new EntityManager for shared EntityManager invocation
2025-11-20T16:19:27.927-05:00 DEBUG 5772 --- [           main] tor$SharedEntityManagerInvocationHandler : Creating new EntityManager for shared EntityManager invocation
2025-11-20T16:19:27.930-05:00 DEBUG 5772 --- [           main] tor$SharedEntityManagerInvocationHandler : Creating new EntityManager for shared EntityManager invocation
2025-11-20T16:19:27.934-05:00 DEBUG 5772 --- [           main] tor$SharedEntityManagerInvocationHandler : Creating new EntityManager for shared EntityManager invocation
2025-11-20T16:19:27.950-05:00 DEBUG 5772 --- [           main] tor$SharedEntityManagerInvocationHandler : Creating new EntityManager for shared EntityManager invocation
2025-11-20T16:19:28.026-05:00 DEBUG 5772 --- [           main] tor$SharedEntityManagerInvocationHandler : Creating new EntityManager for shared EntityManager invocation
2025-11-20T16:19:28.077-05:00 DEBUG 5772 --- [           main] tor$SharedEntityManagerInvocationHandler : Creating new EntityManager for shared EntityManager invocation
2025-11-20T16:19:28.078-05:00 DEBUG 5772 --- [           main] tor$SharedEntityManagerInvocationHandler : Creating new EntityManager for shared EntityManager invocation
2025-11-20T16:19:28.110-05:00 DEBUG 5772 --- [           main] tor$SharedEntityManagerInvocationHandler : Creating new EntityManager for shared EntityManager invocation
2025-11-20T16:19:28.121-05:00 DEBUG 5772 --- [           main] tor$SharedEntityManagerInvocationHandler : Creating new EntityManager for shared EntityManager invocation
2025-11-20T16:19:28.129-05:00 DEBUG 5772 --- [           main] tor$SharedEntityManagerInvocationHandler : Creating new EntityManager for shared EntityManager invocation
2025-11-20T16:19:28.133-05:00 DEBUG 5772 --- [           main] tor$SharedEntityManagerInvocationHandler : Creating new EntityManager for shared EntityManager invocation
2025-11-20T16:19:28.135-05:00 DEBUG 5772 --- [           main] tor$SharedEntityManagerInvocationHandler : Creating new EntityManager for shared EntityManager invocation
2025-11-20T16:19:28.151-05:00 DEBUG 5772 --- [           main] tor$SharedEntityManagerInvocationHandler : Creating new EntityManager for shared EntityManager invocation
2025-11-20T16:19:28.168-05:00 DEBUG 5772 --- [           main] tor$SharedEntityManagerInvocationHandler : Creating new EntityManager for shared EntityManager invocation
2025-11-20T16:19:28.175-05:00 DEBUG 5772 --- [           main] tor$SharedEntityManagerInvocationHandler : Creating new EntityManager for shared EntityManager invocation
2025-11-20T16:19:28.195-05:00 DEBUG 5772 --- [           main] tor$SharedEntityManagerInvocationHandler : Creating new EntityManager for shared EntityManager invocation
2025-11-20T16:19:28.328-05:00 DEBUG 5772 --- [           main] tor$SharedEntityManagerInvocationHandler : Creating new EntityManager for shared EntityManager invocation
2025-11-20T16:19:28.607-05:00 DEBUG 5772 --- [           main] tor$SharedEntityManagerInvocationHandler : Creating new EntityManager for shared EntityManager invocation
2025-11-20T16:19:28.617-05:00 DEBUG 5772 --- [           main] tor$SharedEntityManagerInvocationHandler : Creating new EntityManager for shared EntityManager invocation
2025-11-20T16:19:28.618-05:00 DEBUG 5772 --- [           main] tor$SharedEntityManagerInvocationHandler : Creating new EntityManager for shared EntityManager invocation
2025-11-20T16:19:28.630-05:00 DEBUG 5772 --- [           main] tor$SharedEntityManagerInvocationHandler : Creating new EntityManager for shared EntityManager invocation
2025-11-20T16:19:28.634-05:00 DEBUG 5772 --- [           main] tor$SharedEntityManagerInvocationHandler : Creating new EntityManager for shared EntityManager invocation
2025-11-20T16:19:28.639-05:00 DEBUG 5772 --- [           main] tor$SharedEntityManagerInvocationHandler : Creating new EntityManager for shared EntityManager invocation
2025-11-20T16:19:28.649-05:00 DEBUG 5772 --- [           main] tor$SharedEntityManagerInvocationHandler : Creating new EntityManager for shared EntityManager invocation
2025-11-20T16:19:28.650-05:00 DEBUG 5772 --- [           main] tor$SharedEntityManagerInvocationHandler : Creating new EntityManager for shared EntityManager invocation
2025-11-20T16:19:28.657-05:00 DEBUG 5772 --- [           main] tor$SharedEntityManagerInvocationHandler : Creating new EntityManager for shared EntityManager invocation
2025-11-20T16:19:28.666-05:00 DEBUG 5772 --- [           main] tor$SharedEntityManagerInvocationHandler : Creating new EntityManager for shared EntityManager invocation
2025-11-20T16:19:28.667-05:00 DEBUG 5772 --- [           main] tor$SharedEntityManagerInvocationHandler : Creating new EntityManager for shared EntityManager invocation
2025-11-20T16:19:28.673-05:00 DEBUG 5772 --- [           main] tor$SharedEntityManagerInvocationHandler : Creating new EntityManager for shared EntityManager invocation
2025-11-20T16:19:28.711-05:00 DEBUG 5772 --- [           main] tor$SharedEntityManagerInvocationHandler : Creating new EntityManager for shared EntityManager invocation
2025-11-20T16:19:28.712-05:00 DEBUG 5772 --- [           main] tor$SharedEntityManagerInvocationHandler : Creating new EntityManager for shared EntityManager invocation
2025-11-20T16:19:28.719-05:00 DEBUG 5772 --- [           main] tor$SharedEntityManagerInvocationHandler : Creating new EntityManager for shared EntityManager invocation
2025-11-20T16:19:28.721-05:00 DEBUG 5772 --- [           main] tor$SharedEntityManagerInvocationHandler : Creating new EntityManager for shared EntityManager invocation
2025-11-20T16:19:28.723-05:00 DEBUG 5772 --- [           main] tor$SharedEntityManagerInvocationHandler : Creating new EntityManager for shared EntityManager invocation
2025-11-20T16:19:28.740-05:00 DEBUG 5772 --- [           main] tor$SharedEntityManagerInvocationHandler : Creating new EntityManager for shared EntityManager invocation
2025-11-20T16:19:28.742-05:00 DEBUG 5772 --- [           main] tor$SharedEntityManagerInvocationHandler : Creating new EntityManager for shared EntityManager invocation
2025-11-20T16:19:28.751-05:00 DEBUG 5772 --- [           main] tor$SharedEntityManagerInvocationHandler : Creating new EntityManager for shared EntityManager invocation
2025-11-20T16:19:28.752-05:00 DEBUG 5772 --- [           main] tor$SharedEntityManagerInvocationHandler : Creating new EntityManager for shared EntityManager invocation
2025-11-20T16:19:28.761-05:00 DEBUG 5772 --- [           main] tor$SharedEntityManagerInvocationHandler : Creating new EntityManager for shared EntityManager invocation
2025-11-20T16:19:28.764-05:00 DEBUG 5772 --- [           main] tor$SharedEntityManagerInvocationHandler : Creating new EntityManager for shared EntityManager invocation
2025-11-20T16:19:28.772-05:00 DEBUG 5772 --- [           main] tor$SharedEntityManagerInvocationHandler : Creating new EntityManager for shared EntityManager invocation
2025-11-20T16:19:28.775-05:00 DEBUG 5772 --- [           main] tor$SharedEntityManagerInvocationHandler : Creating new EntityManager for shared EntityManager invocation
2025-11-20T16:19:28.786-05:00 DEBUG 5772 --- [           main] tor$SharedEntityManagerInvocationHandler : Creating new EntityManager for shared EntityManager invocation
2025-11-20T16:19:28.786-05:00 DEBUG 5772 --- [           main] tor$SharedEntityManagerInvocationHandler : Creating new EntityManager for shared EntityManager invocation
2025-11-20T16:19:28.793-05:00 DEBUG 5772 --- [           main] tor$SharedEntityManagerInvocationHandler : Creating new EntityManager for shared EntityManager invocation
2025-11-20T16:19:28.796-05:00 DEBUG 5772 --- [           main] tor$SharedEntityManagerInvocationHandler : Creating new EntityManager for shared EntityManager invocation
2025-11-20T16:19:28.798-05:00 DEBUG 5772 --- [           main] tor$SharedEntityManagerInvocationHandler : Creating new EntityManager for shared EntityManager invocation
2025-11-20T16:19:28.800-05:00 DEBUG 5772 --- [           main] tor$SharedEntityManagerInvocationHandler : Creating new EntityManager for shared EntityManager invocation
2025-11-20T16:19:29.102-05:00 DEBUG 5772 --- [           main] tor$SharedEntityManagerInvocationHandler : Creating new EntityManager for shared EntityManager invocation
2025-11-20T16:19:29.176-05:00 DEBUG 5772 --- [           main] tor$SharedEntityManagerInvocationHandler : Creating new EntityManager for shared EntityManager invocation
2025-11-20T16:19:29.211-05:00 DEBUG 5772 --- [           main] tor$SharedEntityManagerInvocationHandler : Creating new EntityManager for shared EntityManager invocation
2025-11-20T16:19:29.249-05:00 DEBUG 5772 --- [           main] tor$SharedEntityManagerInvocationHandler : Creating new EntityManager for shared EntityManager invocation
2025-11-20T16:19:29.250-05:00 DEBUG 5772 --- [           main] tor$SharedEntityManagerInvocationHandler : Creating new EntityManager for shared EntityManager invocation
2025-11-20T16:19:29.258-05:00 DEBUG 5772 --- [           main] tor$SharedEntityManagerInvocationHandler : Creating new EntityManager for shared EntityManager invocation
2025-11-20T16:19:29.260-05:00 DEBUG 5772 --- [           main] tor$SharedEntityManagerInvocationHandler : Creating new EntityManager for shared EntityManager invocation
2025-11-20T16:19:29.269-05:00 DEBUG 5772 --- [           main] tor$SharedEntityManagerInvocationHandler : Creating new EntityManager for shared EntityManager invocation
2025-11-20T16:19:29.270-05:00 DEBUG 5772 --- [           main] tor$SharedEntityManagerInvocationHandler : Creating new EntityManager for shared EntityManager invocation
2025-11-20T16:19:29.311-05:00 DEBUG 5772 --- [           main] tor$SharedEntityManagerInvocationHandler : Creating new EntityManager for shared EntityManager invocation
2025-11-20T16:19:29.314-05:00 DEBUG 5772 --- [           main] tor$SharedEntityManagerInvocationHandler : Creating new EntityManager for shared EntityManager invocation
2025-11-20T16:19:29.325-05:00 DEBUG 5772 --- [           main] tor$SharedEntityManagerInvocationHandler : Creating new EntityManager for shared EntityManager invocation
2025-11-20T16:19:29.358-05:00 DEBUG 5772 --- [           main] tor$SharedEntityManagerInvocationHandler : Creating new EntityManager for shared EntityManager invocation
2025-11-20T16:19:29.372-05:00 DEBUG 5772 --- [           main] tor$SharedEntityManagerInvocationHandler : Creating new EntityManager for shared EntityManager invocation
2025-11-20T16:19:29.395-05:00 DEBUG 5772 --- [           main] tor$SharedEntityManagerInvocationHandler : Creating new EntityManager for shared EntityManager invocation
2025-11-20T16:19:29.397-05:00 DEBUG 5772 --- [           main] tor$SharedEntityManagerInvocationHandler : Creating new EntityManager for shared EntityManager invocation
2025-11-20T16:19:29.404-05:00 DEBUG 5772 --- [           main] tor$SharedEntityManagerInvocationHandler : Creating new EntityManager for shared EntityManager invocation
2025-11-20T16:19:29.410-05:00 DEBUG 5772 --- [           main] tor$SharedEntityManagerInvocationHandler : Creating new EntityManager for shared EntityManager invocation
2025-11-20T16:19:29.411-05:00 DEBUG 5772 --- [           main] tor$SharedEntityManagerInvocationHandler : Creating new EntityManager for shared EntityManager invocation
2025-11-20T16:19:29.430-05:00 DEBUG 5772 --- [           main] tor$SharedEntityManagerInvocationHandler : Creating new EntityManager for shared EntityManager invocation
2025-11-20T16:19:29.442-05:00 DEBUG 5772 --- [           main] tor$SharedEntityManagerInvocationHandler : Creating new EntityManager for shared EntityManager invocation
2025-11-20T16:19:29.451-05:00 DEBUG 5772 --- [           main] tor$SharedEntityManagerInvocationHandler : Creating new EntityManager for shared EntityManager invocation
2025-11-20T16:19:29.455-05:00 DEBUG 5772 --- [           main] tor$SharedEntityManagerInvocationHandler : Creating new EntityManager for shared EntityManager invocation
2025-11-20T16:19:29.464-05:00 DEBUG 5772 --- [           main] tor$SharedEntityManagerInvocationHandler : Creating new EntityManager for shared EntityManager invocation
2025-11-20T16:19:29.465-05:00 DEBUG 5772 --- [           main] tor$SharedEntityManagerInvocationHandler : Creating new EntityManager for shared EntityManager invocation
2025-11-20T16:19:29.481-05:00 DEBUG 5772 --- [           main] tor$SharedEntityManagerInvocationHandler : Creating new EntityManager for shared EntityManager invocation
2025-11-20T16:19:29.482-05:00 DEBUG 5772 --- [           main] tor$SharedEntityManagerInvocationHandler : Creating new EntityManager for shared EntityManager invocation
2025-11-20T16:19:29.491-05:00 DEBUG 5772 --- [           main] tor$SharedEntityManagerInvocationHandler : Creating new EntityManager for shared EntityManager invocation
2025-11-20T16:19:29.492-05:00 DEBUG 5772 --- [           main] tor$SharedEntityManagerInvocationHandler : Creating new EntityManager for shared EntityManager invocation
2025-11-20T16:19:29.495-05:00 DEBUG 5772 --- [           main] tor$SharedEntityManagerInvocationHandler : Creating new EntityManager for shared EntityManager invocation
2025-11-20T16:19:29.498-05:00 DEBUG 5772 --- [           main] tor$SharedEntityManagerInvocationHandler : Creating new EntityManager for shared EntityManager invocation
2025-11-20T16:19:29.507-05:00 DEBUG 5772 --- [           main] tor$SharedEntityManagerInvocationHandler : Creating new EntityManager for shared EntityManager invocation
2025-11-20T16:19:29.508-05:00 DEBUG 5772 --- [           main] tor$SharedEntityManagerInvocationHandler : Creating new EntityManager for shared EntityManager invocation
2025-11-20T16:19:29.515-05:00 DEBUG 5772 --- [           main] tor$SharedEntityManagerInvocationHandler : Creating new EntityManager for shared EntityManager invocation
2025-11-20T16:19:29.516-05:00 DEBUG 5772 --- [           main] tor$SharedEntityManagerInvocationHandler : Creating new EntityManager for shared EntityManager invocation
2025-11-20T16:19:29.532-05:00 DEBUG 5772 --- [           main] tor$SharedEntityManagerInvocationHandler : Creating new EntityManager for shared EntityManager invocation
2025-11-20T16:19:29.535-05:00 DEBUG 5772 --- [           main] tor$SharedEntityManagerInvocationHandler : Creating new EntityManager for shared EntityManager invocation
2025-11-20T16:19:29.541-05:00 DEBUG 5772 --- [           main] tor$SharedEntityManagerInvocationHandler : Creating new EntityManager for shared EntityManager invocation
2025-11-20T16:19:29.561-05:00 DEBUG 5772 --- [           main] tor$SharedEntityManagerInvocationHandler : Creating new EntityManager for shared EntityManager invocation
2025-11-20T16:19:29.561-05:00 DEBUG 5772 --- [           main] tor$SharedEntityManagerInvocationHandler : Creating new EntityManager for shared EntityManager invocation
2025-11-20T16:19:29.568-05:00 DEBUG 5772 --- [           main] tor$SharedEntityManagerInvocationHandler : Creating new EntityManager for shared EntityManager invocation
2025-11-20T16:19:29.569-05:00 DEBUG 5772 --- [           main] tor$SharedEntityManagerInvocationHandler : Creating new EntityManager for shared EntityManager invocation
2025-11-20T16:19:29.571-05:00 DEBUG 5772 --- [           main] tor$SharedEntityManagerInvocationHandler : Creating new EntityManager for shared EntityManager invocation
2025-11-20T16:19:29.573-05:00 DEBUG 5772 --- [           main] tor$SharedEntityManagerInvocationHandler : Creating new EntityManager for shared EntityManager invocation
2025-11-20T16:19:29.610-05:00 DEBUG 5772 --- [           main] tor$SharedEntityManagerInvocationHandler : Creating new EntityManager for shared EntityManager invocation
2025-11-20T16:19:29.610-05:00 DEBUG 5772 --- [           main] tor$SharedEntityManagerInvocationHandler : Creating new EntityManager for shared EntityManager invocation
2025-11-20T16:19:29.616-05:00 DEBUG 5772 --- [           main] tor$SharedEntityManagerInvocationHandler : Creating new EntityManager for shared EntityManager invocation
2025-11-20T16:19:29.617-05:00 DEBUG 5772 --- [           main] tor$SharedEntityManagerInvocationHandler : Creating new EntityManager for shared EntityManager invocation
2025-11-20T16:19:29.767-05:00  WARN 5772 --- [           main] JpaBaseConfiguration$JpaWebConfiguration : spring.jpa.open-in-view is enabled by default. Therefore, database queries may be performed during view rendering. Explicitly configure spring.jpa.open-in-view to disable this warning
2025-11-20T16:19:30.098-05:00  INFO 5772 --- [           main] o.s.s.web.DefaultSecurityFilterChain     : Will secure any request with [org.springframework.security.web.session.DisableEncodeUrlFilter@3996a417, org.springframework.security.web.context.request.async.WebAsyncManagerIntegrationFilter@24a57e4e, org.springframework.security.web.context.SecurityContextHolderFilter@1a4db28c, org.springframework.security.web.header.HeaderWriterFilter@6a9fe461, org.springframework.web.filter.CorsFilter@5340c63a, org.springframework.security.web.authentication.logout.LogoutFilter@2f26e423, com.example.SpringApi.Authentication.JwtAuthenticationFilter@14718621, org.springframework.security.web.savedrequest.RequestCacheAwareFilter@42491d97, org.springframework.security.web.servletapi.SecurityContextHolderAwareRequestFilter@7411fd90, org.springframework.security.web.authentication.AnonymousAuthenticationFilter@4eb1757d, org.springframework.security.web.session.SessionManagementFilter@1886675b, org.springframework.security.web.access.ExceptionTranslationFilter@5c95e2c5, org.springframework.security.web.access.intercept.AuthorizationFilter@55645ece]
2025-11-20T16:19:30.132-05:00 DEBUG 5772 --- [           main] tor$SharedEntityManagerInvocationHandler : Creating new EntityManager for shared EntityManager invocation
2025-11-20T16:19:30.133-05:00 DEBUG 5772 --- [           main] tor$SharedEntityManagerInvocationHandler : Creating new EntityManager for shared EntityManager invocation
2025-11-20T16:19:30.140-05:00 DEBUG 5772 --- [           main] tor$SharedEntityManagerInvocationHandler : Creating new EntityManager for shared EntityManager invocation
2025-11-20T16:19:30.366-05:00  WARN 5772 --- [           main] ConfigServletWebServerApplicationContext : Exception encountered during context initialization - cancelling refresh attempt: org.springframework.context.ApplicationContextException: Failed to start bean 'webServerStartStop'
2025-11-20T16:19:30.369-05:00  INFO 5772 --- [           main] j.LocalContainerEntityManagerFactoryBean : Closing JPA EntityManagerFactory for persistence unit 'default'
2025-11-20T16:19:30.370-05:00 TRACE 5772 --- [           main] o.h.type.spi.TypeConfiguration$Scope     : Handling #sessionFactoryClosed from [org.hibernate.internal.SessionFactoryImpl@f456711] for TypeConfiguration
2025-11-20T16:19:30.371-05:00 DEBUG 5772 --- [           main] o.h.type.spi.TypeConfiguration$Scope     : Un-scoping TypeConfiguration [org.hibernate.type.spi.TypeConfiguration$Scope@7e11cba6] from SessionFactory [org.hibernate.internal.SessionFactoryImpl@f456711]
2025-11-20T16:19:30.373-05:00  INFO 5772 --- [           main] com.zaxxer.hikari.HikariDataSource       : HikariPool-1 - Shutdown initiated...
2025-11-20T16:19:30.373-05:00 DEBUG 5772 --- [           main] com.zaxxer.hikari.pool.HikariPool        : HikariPool-1 - Before shutdown stats (total=10, active=0, idle=10, waiting=0)
2025-11-20T16:19:30.373-05:00 DEBUG 5772 --- [nnection closer] com.zaxxer.hikari.pool.PoolBase          : HikariPool-1 - Closing connection com.mysql.cj.jdbc.ConnectionImpl@2bd158ea: (connection evicted)
2025-11-20T16:19:30.384-05:00 DEBUG 5772 --- [nnection closer] com.zaxxer.hikari.pool.PoolBase          : HikariPool-1 - Closing connection com.mysql.cj.jdbc.ConnectionImpl@77bddf38: (connection evicted)
2025-11-20T16:19:30.385-05:00 DEBUG 5772 --- [nnection closer] com.zaxxer.hikari.pool.PoolBase          : HikariPool-1 - Closing connection com.mysql.cj.jdbc.ConnectionImpl@1e215cb2: (connection evicted)
2025-11-20T16:19:30.385-05:00 DEBUG 5772 --- [nnection closer] com.zaxxer.hikari.pool.PoolBase          : HikariPool-1 - Closing connection com.mysql.cj.jdbc.ConnectionImpl@66b7d354: (connection evicted)
2025-11-20T16:19:30.385-05:00 DEBUG 5772 --- [nnection closer] com.zaxxer.hikari.pool.PoolBase          : HikariPool-1 - Closing connection com.mysql.cj.jdbc.ConnectionImpl@25c67275: (connection evicted)
2025-11-20T16:19:30.385-05:00 DEBUG 5772 --- [nnection closer] com.zaxxer.hikari.pool.PoolBase          : HikariPool-1 - Closing connection com.mysql.cj.jdbc.ConnectionImpl@696222e1: (connection evicted)
2025-11-20T16:19:30.386-05:00 DEBUG 5772 --- [nnection closer] com.zaxxer.hikari.pool.PoolBase          : HikariPool-1 - Closing connection com.mysql.cj.jdbc.ConnectionImpl@1bb1a314: (connection evicted)
2025-11-20T16:19:30.386-05:00 DEBUG 5772 --- [nnection closer] com.zaxxer.hikari.pool.PoolBase          : HikariPool-1 - Closing connection com.mysql.cj.jdbc.ConnectionImpl@3d81d402: (connection evicted)
2025-11-20T16:19:30.386-05:00 DEBUG 5772 --- [nnection closer] com.zaxxer.hikari.pool.PoolBase          : HikariPool-1 - Closing connection com.mysql.cj.jdbc.ConnectionImpl@596e728d: (connection evicted)
2025-11-20T16:19:30.386-05:00 DEBUG 5772 --- [nnection closer] com.zaxxer.hikari.pool.PoolBase          : HikariPool-1 - Closing connection com.mysql.cj.jdbc.ConnectionImpl@4b4ac756: (connection evicted)
2025-11-20T16:19:30.387-05:00 DEBUG 5772 --- [           main] com.zaxxer.hikari.pool.HikariPool        : HikariPool-1 - After shutdown stats (total=0, active=0, idle=0, waiting=0)
2025-11-20T16:19:30.387-05:00  INFO 5772 --- [           main] com.zaxxer.hikari.HikariDataSource       : HikariPool-1 - Shutdown completed.
2025-11-20T16:19:30.399-05:00  INFO 5772 --- [           main] .s.b.a.l.ConditionEvaluationReportLogger : 

Error starting ApplicationContext. To display the condition evaluation report re-run your application with 'debug' enabled.
2025-11-20T16:19:30.409-05:00 ERROR 5772 --- [           main] o.s.b.d.LoggingFailureAnalysisReporter   : 

***************************
APPLICATION FAILED TO START
***************************

Description:

Web server failed to start. Port 4433 was already in use.

Action:

Identify and stop the process that's listening on port 4433 or configure this application to listen on another port.

[INFO] ------------------------------------------------------------------------
[INFO] BUILD FAILURE
[INFO] ------------------------------------------------------------------------
[INFO] Total time:  12.674 s
[INFO] Finished at: 2025-11-20T16:19:30-05:00
[INFO] ------------------------------------------------------------------------
[ERROR] Failed to execute goal org.springframework.boot:spring-boot-maven-plugin:3.2.2:run (default-cli) on project SpringApi: Process terminated with exit code: 1 -> [Help 1]
[ERROR] 
[ERROR] To see the full stack trace of the errors, re-run Maven with the -e switch.
[ERROR] Re-run Maven using the -X switch to enable full debug logging.
[ERROR] 
[ERROR] For more information about the errors and possible solutions, please read the following articles:
[ERROR] [Help 1] http://cwiki.apache.org/confluence/display/MAVEN/MojoExecutionException
